\BOOKMARK [0][-]{chapter.1}{\376\377\000I\000n\000t\000r\000o\000d\000u\000c\000t\000i\000o\000n}{}% 1
\BOOKMARK [1][-]{section.1.1}{\376\377\000W\000h\000y\000\040\000t\000h\000i\000s\000\040\000t\000o\000p\000i\000c\000?}{chapter.1}% 2
\BOOKMARK [1][-]{section.1.2}{\376\377\000W\000h\000y\000\040\000i\000s\000\040\000t\000h\000i\000s\000\040\000r\000e\000l\000e\000v\000a\000n\000t\000?}{chapter.1}% 3
\BOOKMARK [1][-]{section.1.3}{\376\377\000W\000h\000a\000t\000\040\000i\000s\000\040\000t\000h\000e\000\040\000n\000o\000v\000e\000l\000t\000y\000\040\000f\000a\000c\000t\000o\000r\000?}{chapter.1}% 4
\BOOKMARK [1][-]{section.1.4}{\376\377\000W\000h\000a\000t\000\040\000a\000r\000e\000\040\000s\000o\000m\000e\000\040\000g\000e\000n\000e\000r\000a\000l\000\040\000g\000o\000a\000l\000s\000?}{chapter.1}% 5
\BOOKMARK [1][-]{section.1.5}{\376\377\000W\000h\000a\000t\000\040\000i\000s\000\040\000m\000y\000\040\000c\000o\000n\000t\000r\000i\000b\000u\000t\000i\000o\000n\000?}{chapter.1}% 6
\BOOKMARK [0][-]{chapter.2}{\376\377\000A\000p\000p\000l\000i\000c\000a\000t\000i\000o\000n\000\040\000d\000e\000s\000c\000r\000i\000p\000t\000i\000o\000n}{}% 7
\BOOKMARK [1][-]{section.2.1}{\376\377\000R\000e\000q\000u\000i\000r\000e\000m\000e\000n\000t\000s}{chapter.2}% 8
\BOOKMARK [1][-]{section.2.2}{\376\377\000D\000e\000s\000c\000r\000i\000p\000t\000i\000o\000n}{chapter.2}% 9
\BOOKMARK [1][-]{section.2.3}{\376\377\000D\000i\000a\000g\000r\000a\000m\000s}{chapter.2}% 10
\BOOKMARK [2][-]{subsection.2.3.1}{\376\377\000U\000s\000e\000\040\000c\000a\000s\000e\000s}{section.2.3}% 11
\BOOKMARK [2][-]{subsection.2.3.2}{\376\377\000S\000e\000q\000u\000e\000n\000c\000e\000\040\000d\000i\000a\000g\000r\000a\000m}{section.2.3}% 12
\BOOKMARK [1][-]{section.2.4}{\376\377\000F\000e\000a\000t\000u\000r\000e\000s}{chapter.2}% 13
\BOOKMARK [2][-]{subsection.2.4.1}{\376\377\000I\000m\000p\000o\000r\000t\000\040\000m\000o\000d\000e\000l}{section.2.4}% 14
\BOOKMARK [2][-]{subsection.2.4.2}{\376\377\000S\000e\000e\000\040\000m\000o\000d\000e\000l\000\040\000i\000n\000\040\000A\000R}{section.2.4}% 15
\BOOKMARK [2][-]{subsection.2.4.3}{\376\377\000S\000e\000e\000\040\000g\000u\000i\000d\000e}{section.2.4}% 16
\BOOKMARK [2][-]{subsection.2.4.4}{\376\377\000S\000e\000e\000\040\000l\000i\000s\000t\000\040\000o\000f\000\040\000m\000o\000d\000e\000l\000s}{section.2.4}% 17
\BOOKMARK [2][-]{subsection.2.4.5}{\376\377\000D\000e\000l\000e\000t\000e\000\040\000m\000o\000d\000e\000l}{section.2.4}% 18
\BOOKMARK [2][-]{subsection.2.4.6}{\376\377\000L\000o\000a\000d\000\040\000m\000o\000d\000e\000l\000\040\000f\000r\000o\000m\000\040\000l\000i\000b\000r\000a\000r\000y}{section.2.4}% 19
\BOOKMARK [2][-]{subsection.2.4.7}{\376\377\000C\000r\000e\000a\000t\000e\000\040\000a\000\040\000s\000c\000e\000n\000e}{section.2.4}% 20
\BOOKMARK [1][-]{section.2.5}{\376\377\000A\000r\000c\000h\000i\000t\000e\000c\000t\000u\000r\000e}{chapter.2}% 21
\BOOKMARK [1][-]{section.2.6}{\376\377\000I\000m\000p\000l\000e\000m\000e\000n\000t\000a\000t\000i\000o\000n}{chapter.2}% 22
\BOOKMARK [1][-]{section.2.7}{\376\377\000T\000e\000s\000t\000i\000n\000g}{chapter.2}% 23
\BOOKMARK [1][-]{section.2.8}{\376\377\000D\000e\000p\000l\000o\000y\000m\000e\000n\000t}{chapter.2}% 24
\BOOKMARK [1][-]{section.2.9}{\376\377\000M\000a\000i\000n\000t\000e\000n\000a\000n\000c\000e}{chapter.2}% 25
\BOOKMARK [0][-]{chapter.3}{\376\377\000E\000v\000a\000l\000u\000a\000t\000i\000o\000n}{}% 26
\BOOKMARK [1][-]{section.3.1}{\376\377\000G\000r\000a\000p\000h\000i\000c\000a\000l\000\040\000o\000v\000e\000r\000v\000i\000e\000w\000\040\000o\000f\000\040\000A\000P\000P\000N\000A\000M\000E}{chapter.3}% 27
\BOOKMARK [2][-]{subsection.3.1.1}{\376\377\000A\000p\000p\000\040\000s\000t\000a\000r\000t\000\040\000p\000a\000g\000e}{section.3.1}% 28
\BOOKMARK [2][-]{subsection.3.1.2}{\376\377\000A\000p\000p\000\040\000b\000u\000r\000g\000e\000r\000\040\000b\000u\000t\000t\000o\000n}{section.3.1}% 29
\BOOKMARK [2][-]{subsection.3.1.3}{\376\377\000Q\000R\000\040\000s\000c\000a\000n\000n\000e\000r}{section.3.1}% 30
\BOOKMARK [2][-]{subsection.3.1.4}{\376\377\000Q\000R\000\040\000v\000a\000l\000d\000i\000a\000t\000i\000o\000n}{section.3.1}% 31
\BOOKMARK [2][-]{subsection.3.1.5}{\376\377\000A\000R\000\040\000v\000i\000s\000i\000o\000n}{section.3.1}% 32
\BOOKMARK [2][-]{subsection.3.1.6}{\376\377\000A\000d\000d\000i\000n\000g\000\040\000a\000\040\000m\000o\000d\000e\000l}{section.3.1}% 33
\BOOKMARK [2][-]{subsection.3.1.7}{\376\377\000R\000e\000m\000o\000v\000i\000n\000g\000\040\000a\000\040\000m\000o\000d\000e\000l}{section.3.1}% 34
\BOOKMARK [2][-]{subsection.3.1.8}{\376\377\000L\000i\000b\000r\000a\000r\000y}{section.3.1}% 35
\BOOKMARK [2][-]{subsection.3.1.9}{\376\377\000U\000s\000i\000n\000g\000\040\000m\000u\000l\000t\000i\000p\000l\000e\000\040\000m\000o\000d\000e\000l\000s\000\040\000a\000t\000\040\000t\000h\000e\000\040\000s\000a\000m\000e\000\040\000t\000i\000m\000e}{section.3.1}% 36
\BOOKMARK [1][-]{section.3.2}{\376\377\000P\000r\000o\000o\000f\000\040\000o\000f\000\040\000c\000o\000n\000c\000e\000p\000t}{chapter.3}% 37
\BOOKMARK [1][-]{section.3.3}{\376\377\000D\000o\000m\000a\000i\000n\000s\000\040\000o\000f\000\040\000a\000p\000p\000l\000i\000c\000a\000t\000i\000o\000n}{chapter.3}% 38
\BOOKMARK [2][-]{subsection.3.3.1}{\376\377\000I\000n\000t\000e\000r\000i\000o\000r\000\040\000d\000e\000s\000i\000g\000n\000i\000n\000g}{section.3.3}% 39
\BOOKMARK [2][-]{subsection.3.3.2}{\376\377\000O\000u\000t\000d\000o\000o\000r\000\040\000d\000e\000s\000i\000g\000n\000i\000n\000g}{section.3.3}% 40
\BOOKMARK [2][-]{subsection.3.3.3}{\376\377\0003\000D\000\040\000p\000r\000i\000n\000t\000i\000n\000g}{section.3.3}% 41
\BOOKMARK [2][-]{subsection.3.3.4}{\376\377\000A\000r\000c\000h\000i\000t\000e\000c\000t\000u\000r\000e}{section.3.3}% 42
\BOOKMARK [2][-]{subsection.3.3.5}{\376\377\000P\000e\000d\000a\000g\000o\000g\000i\000c\000a\000l\000\040\000i\000n\000s\000t\000r\000u\000m\000e\000n\000t}{section.3.3}% 43
\BOOKMARK [0][-]{chapter.4}{\376\377\000R\000e\000l\000a\000t\000e\000d\000\040\000W\000o\000r\000k\000\040}{}% 44
\BOOKMARK [1][-]{section.4.1}{\376\377\000R\000e\000l\000a\000t\000e\000d\000\040\000w\000r\000i\000t\000i\000n\000g\000s}{chapter.4}% 45
\BOOKMARK [1][-]{section.4.2}{\376\377\000R\000e\000l\000a\000t\000e\000d\000\040\000a\000p\000p\000s}{chapter.4}% 46
\BOOKMARK [2][-]{subsection.4.2.1}{\376\377\000S\000n\000a\000p\000c\000h\000a\000t\000\040\000A\000R}{section.4.2}% 47
\BOOKMARK [2][-]{subsection.4.2.2}{\376\377\000P\000o\000k\000e\000m\000o\000n\000\040\000G\000o}{section.4.2}% 48
\BOOKMARK [2][-]{subsection.4.2.3}{\376\377\000A\000R\000F\000I\000C\000I\000O}{section.4.2}% 49
\BOOKMARK [0][-]{chapter.5}{\376\377\000C\000o\000n\000c\000l\000u\000s\000i\000o\000n}{}% 50
\BOOKMARK [1][-]{section.5.1}{\376\377\000S\000u\000m\000m\000a\000r\000y}{chapter.5}% 51
\BOOKMARK [1][-]{section.5.2}{\376\377\000F\000u\000t\000u\000r\000e\000\040\000w\000o\000r\000k}{chapter.5}% 52
\BOOKMARK [0][-]{chapter*.6}{\376\377\000B\000i\000b\000l\000i\000o\000g\000r\000a\000p\000h\000y}{}% 53
