\BOOKMARK [0][-]{Doc-Start}{\376\377\000A\000b\000s\000t\000r\000a\000c\000t}{}% 1
\BOOKMARK [0][-]{section*.6}{\376\377\000L\000i\000s\000t\000\040\000o\000f\000\040\000F\000i\000g\000u\000r\000e\000s}{}% 2
\BOOKMARK [0][-]{chapter*.7}{\376\377\000L\000i\000s\000t\000\040\000o\000f\000\040\000a\000b\000b\000r\000e\000v\000i\000a\000t\000i\000o\000n\000s}{}% 3
\BOOKMARK [0][-]{chapter.1}{\376\377\000I\000n\000t\000r\000o\000d\000u\000c\000t\000i\000o\000n}{}% 4
\BOOKMARK [1][-]{section.1.1}{\376\377\000P\000r\000o\000j\000e\000c\000t\000\040\000T\000h\000e\000m\000e}{chapter.1}% 5
\BOOKMARK [1][-]{section.1.2}{\376\377\000T\000h\000e\000m\000e\000\040\000R\000e\000l\000e\000v\000a\000n\000c\000e}{chapter.1}% 6
\BOOKMARK [1][-]{section.1.3}{\376\377\000P\000r\000o\000j\000e\000c\000t\000\040\000A\000i\000m}{chapter.1}% 7
\BOOKMARK [1][-]{section.1.4}{\376\377\000A\000u\000t\000h\000o\000r\000'\000s\000\040\000c\000o\000n\000t\000r\000i\000b\000u\000t\000i\000o\000n}{chapter.1}% 8
\BOOKMARK [0][-]{chapter.2}{\376\377\000R\000e\000l\000a\000t\000e\000d\000\040\000W\000o\000r\000k}{}% 9
\BOOKMARK [1][-]{section.2.1}{\376\377\000R\000e\000l\000a\000t\000e\000d\000\040\000w\000r\000i\000t\000i\000n\000g\000s}{chapter.2}% 10
\BOOKMARK [1][-]{section.2.2}{\376\377\000R\000e\000l\000a\000t\000e\000d\000\040\000a\000p\000p\000s}{chapter.2}% 11
\BOOKMARK [0][-]{chapter.3}{\376\377\000A\000p\000p\000l\000i\000c\000a\000t\000i\000o\000n\000\040\000d\000e\000s\000c\000r\000i\000p\000t\000i\000o\000n}{}% 12
\BOOKMARK [1][-]{section.3.1}{\376\377\000A\000r\000c\000h\000i\000t\000e\000c\000t\000u\000r\000e}{chapter.3}% 13
\BOOKMARK [1][-]{section.3.2}{\376\377\000D\000i\000a\000g\000r\000a\000m\000s}{chapter.3}% 14
\BOOKMARK [1][-]{section.3.3}{\376\377\000P\000u\000b\000l\000i\000s\000h\000i\000n\000g\000\040\000R\000e\000a\000l\000i\000t\000y\000E\000n\000h\000a\000n\000c\000e}{chapter.3}% 15
\BOOKMARK [0][-]{chapter.4}{\376\377\000I\000m\000p\000l\000e\000m\000e\000n\000t\000a\000t\000i\000o\000n\000\040\000o\000f\000\040\000t\000h\000e\000\040\000a\000p\000p\000l\000i\000c\000a\000t\000i\000o\000n\000\040\000f\000e\000a\000t\000u\000r\000e\000s}{}% 16
\BOOKMARK [1][-]{section.4.1}{\376\377\000Q\000R\000\040\000c\000o\000d\000e\000-\000s\000c\000a\000n\000n\000e\000r}{chapter.4}% 17
\BOOKMARK [1][-]{section.4.2}{\376\377\000L\000o\000a\000d\000\040\000t\000h\000e\000\040\000s\000t\000a\000r\000t\000i\000n\000g\000\040\000m\000o\000d\000e\000l\000s}{chapter.4}% 18
\BOOKMARK [1][-]{section.4.3}{\376\377\000M\000o\000d\000e\000l\000s\000'\000\040\000l\000i\000b\000r\000a\000r\000y}{chapter.4}% 19
\BOOKMARK [1][-]{section.4.4}{\376\377\000I\000n\000t\000e\000r\000a\000c\000t\000i\000o\000n\000\040\000w\000i\000t\000h\000\040\000t\000h\000e\000\040\000m\000o\000d\000e\000l\000s}{chapter.4}% 20
\BOOKMARK [0][-]{chapter.5}{\376\377\000U\000s\000e\000r\000\040\000M\000a\000n\000u\000a\000l}{}% 21
\BOOKMARK [1][-]{section.5.1}{\376\377\000R\000e\000q\000u\000i\000r\000e\000m\000e\000n\000t\000s}{chapter.5}% 22
\BOOKMARK [1][-]{section.5.2}{\376\377\000G\000r\000a\000p\000h\000i\000c\000a\000l\000\040\000o\000v\000e\000r\000v\000i\000e\000w\000\040\000o\000f\000\040\000R\000e\000a\000l\000i\000t\000y\000E\000n\000h\000a\000n\000c\000e}{chapter.5}% 23
\BOOKMARK [2][-]{subsection.5.2.1}{\376\377\000A\000p\000p\000l\000i\000c\000a\000t\000i\000o\000n\000\040\000p\000e\000r\000m\000i\000s\000s\000i\000o\000n\000s}{section.5.2}% 24
\BOOKMARK [2][-]{subsection.5.2.2}{\376\377\000N\000a\000v\000i\000g\000a\000t\000i\000o\000n\000/\000T\000o\000o\000l\000\040\000B\000a\000r}{section.5.2}% 25
\BOOKMARK [2][-]{subsection.5.2.3}{\376\377\000A\000R\000\040\000A\000c\000t\000i\000v\000i\000t\000y}{section.5.2}% 26
\BOOKMARK [2][-]{subsection.5.2.4}{\376\377\000Q\000R\000\040\000A\000c\000t\000i\000v\000i\000t\000y}{section.5.2}% 27
\BOOKMARK [2][-]{subsection.5.2.5}{\376\377\000L\000i\000b\000r\000a\000r\000y\000\040\000A\000c\000t\000i\000v\000i\000t\000y}{section.5.2}% 28
\BOOKMARK [2][-]{subsection.5.2.6}{\376\377\000P\000l\000a\000c\000i\000n\000g\000\040\000a\000\040\000m\000o\000d\000e\000l}{section.5.2}% 29
\BOOKMARK [2][-]{subsection.5.2.7}{\376\377\000U\000s\000i\000n\000g\000\040\000m\000u\000l\000t\000i\000p\000l\000e\000\040\000m\000o\000d\000e\000l\000s\000\040\000a\000t\000\040\000t\000h\000e\000\040\000s\000a\000m\000e\000\040\000t\000i\000m\000e}{section.5.2}% 30
\BOOKMARK [2][-]{subsection.5.2.8}{\376\377\000R\000e\000m\000o\000v\000i\000n\000g\000\040\000a\000\040\000m\000o\000d\000e\000l}{section.5.2}% 31
\BOOKMARK [2][-]{subsection.5.2.9}{\376\377\000R\000e\000s\000i\000z\000i\000n\000g\000,\000\040\000m\000o\000v\000i\000n\000g\000\040\000a\000n\000d\000\040\000r\000o\000t\000a\000t\000i\000n\000g\000\040\000a\000\040\000m\000o\000d\000e\000l}{section.5.2}% 32
\BOOKMARK [2][-]{subsection.5.2.10}{\376\377\000I\000n\000t\000e\000r\000a\000c\000t\000i\000n\000g\000\040\000w\000i\000t\000h\000\040\000a\000\040\000m\000o\000d\000e\000l}{section.5.2}% 33
\BOOKMARK [0][-]{chapter.6}{\376\377\000C\000o\000n\000c\000l\000u\000s\000i\000o\000n\000\040\000a\000n\000d\000\040\000F\000u\000t\000u\000r\000e\000\040\000w\000o\000r\000k}{}% 34
\BOOKMARK [1][-]{section.6.1}{\376\377\000C\000o\000n\000c\000l\000u\000s\000i\000o\000n}{chapter.6}% 35
\BOOKMARK [1][-]{section.6.2}{\376\377\000F\000u\000t\000u\000r\000e\000\040\000w\000o\000r\000k}{chapter.6}% 36
\BOOKMARK [0][-]{chapter*.20}{\376\377\000B\000i\000b\000l\000i\000o\000g\000r\000a\000p\000h\000y}{}% 37
